00:14:39.161 [Thread-1] INFO  sys-user - [shutdownAsyncManager,31] - ====关闭后台任务任务线程池====
00:14:50.969 [Thread-109] INFO  sys-user - [shutdownAsyncManager,31] - ====关闭后台任务任务线程池====
00:21:56.461 [Thread-216] INFO  sys-user - [shutdownAsyncManager,31] - ====关闭后台任务任务线程池====
00:22:10.443 [Thread-323] INFO  sys-user - [shutdownAsyncManager,31] - ====关闭后台任务任务线程池====
10:37:14.801 [Thread-1] INFO  sys-user - [shutdownAsyncManager,31] - ====关闭后台任务任务线程池====
10:37:24.021 [Thread-109] INFO  sys-user - [shutdownAsyncManager,31] - ====关闭后台任务任务线程池====
10:37:37.530 [Thread-216] INFO  sys-user - [shutdownAsyncManager,31] - ====关闭后台任务任务线程池====
10:37:59.253 [Thread-323] INFO  sys-user - [shutdownAsyncManager,31] - ====关闭后台任务任务线程池====
10:38:13.221 [Thread-430] INFO  sys-user - [shutdownAsyncManager,31] - ====关闭后台任务任务线程池====
10:38:22.855 [Thread-537] INFO  sys-user - [shutdownAsyncManager,31] - ====关闭后台任务任务线程池====
10:38:31.526 [Thread-644] INFO  sys-user - [shutdownAsyncManager,31] - ====关闭后台任务任务线程池====
10:38:57.610 [Thread-751] INFO  sys-user - [shutdownAsyncManager,31] - ====关闭后台任务任务线程池====
10:39:18.858 [Thread-858] INFO  sys-user - [shutdownAsyncManager,31] - ====关闭后台任务任务线程池====
10:43:01.034 [Thread-965] INFO  sys-user - [shutdownAsyncManager,31] - ====关闭后台任务任务线程池====
10:43:07.895 [Thread-1072] INFO  sys-user - [shutdownAsyncManager,31] - ====关闭后台任务任务线程池====
10:45:22.194 [Thread-1179] INFO  sys-user - [shutdownAsyncManager,31] - ====关闭后台任务任务线程池====
11:15:04.031 [schedule-pool-1] INFO  sys-user - [run,55] - [127.0.0.1]内网IP[admin][Success][登录成功]
11:20:55.068 [Thread-1] INFO  sys-user - [shutdownAsyncManager,31] - ====关闭后台任务任务线程池====
11:21:02.371 [Thread-109] INFO  sys-user - [shutdownAsyncManager,31] - ====关闭后台任务任务线程池====
11:21:13.446 [SpringApplicationShutdownHook] INFO  sys-user - [shutdownAsyncManager,31] - ====关闭后台任务任务线程池====
11:27:42.546 [SpringApplicationShutdownHook] INFO  sys-user - [shutdownAsyncManager,31] - ====关闭后台任务任务线程池====
11:29:55.988 [Thread-1] INFO  sys-user - [shutdownAsyncManager,31] - ====关闭后台任务任务线程池====
11:30:31.631 [Thread-109] INFO  sys-user - [shutdownAsyncManager,31] - ====关闭后台任务任务线程池====
11:38:32.093 [SpringApplicationShutdownHook] INFO  sys-user - [shutdownAsyncManager,31] - ====关闭后台任务任务线程池====
11:52:46.410 [schedule-pool-1] INFO  sys-user - [run,55] - [192.168.140.1]内网IP[nnd1][Success][登录成功]
13:52:26.244 [Thread-1] INFO  sys-user - [shutdownAsyncManager,31] - ====关闭后台任务任务线程池====
13:54:08.800 [SpringApplicationShutdownHook] INFO  sys-user - [shutdownAsyncManager,31] - ====关闭后台任务任务线程池====
13:59:49.303 [schedule-pool-1] INFO  sys-user - [run,55] - [[0:0:0:0:0:0:0:1]]内网IP[admin][Success][登录成功]
14:05:19.875 [Thread-1] INFO  sys-user - [shutdownAsyncManager,31] - ====关闭后台任务任务线程池====
14:05:38.225 [Thread-109] INFO  sys-user - [shutdownAsyncManager,31] - ====关闭后台任务任务线程池====
14:05:50.690 [Thread-216] INFO  sys-user - [shutdownAsyncManager,31] - ====关闭后台任务任务线程池====
14:06:10.849 [Thread-323] INFO  sys-user - [shutdownAsyncManager,31] - ====关闭后台任务任务线程池====
14:36:35.624 [SpringApplicationShutdownHook] INFO  sys-user - [shutdownAsyncManager,31] - ====关闭后台任务任务线程池====
14:37:23.940 [schedule-pool-1] INFO  sys-user - [run,55] - [[0:0:0:0:0:0:0:1]]内网IP[admin][Success][登录成功]
14:39:55.555 [Thread-1] INFO  sys-user - [shutdownAsyncManager,31] - ====关闭后台任务任务线程池====
14:40:12.576 [Thread-109] INFO  sys-user - [shutdownAsyncManager,31] - ====关闭后台任务任务线程池====
14:40:34.230 [Thread-216] INFO  sys-user - [shutdownAsyncManager,31] - ====关闭后台任务任务线程池====
14:52:43.546 [SpringApplicationShutdownHook] INFO  sys-user - [shutdownAsyncManager,31] - ====关闭后台任务任务线程池====
14:56:31.566 [Thread-1] INFO  sys-user - [shutdownAsyncManager,31] - ====关闭后台任务任务线程池====
14:56:45.501 [Thread-109] INFO  sys-user - [shutdownAsyncManager,31] - ====关闭后台任务任务线程池====
14:56:56.795 [Thread-216] INFO  sys-user - [shutdownAsyncManager,31] - ====关闭后台任务任务线程池====
14:57:11.527 [Thread-323] INFO  sys-user - [shutdownAsyncManager,31] - ====关闭后台任务任务线程池====
14:57:26.871 [Thread-430] INFO  sys-user - [shutdownAsyncManager,31] - ====关闭后台任务任务线程池====
14:57:40.149 [Thread-537] INFO  sys-user - [shutdownAsyncManager,31] - ====关闭后台任务任务线程池====
15:01:52.023 [Thread-1] INFO  sys-user - [shutdownAsyncManager,31] - ====关闭后台任务任务线程池====
15:02:06.548 [Thread-109] INFO  sys-user - [shutdownAsyncManager,31] - ====关闭后台任务任务线程池====
15:02:21.211 [Thread-216] INFO  sys-user - [shutdownAsyncManager,31] - ====关闭后台任务任务线程池====
15:02:39.189 [Thread-323] INFO  sys-user - [shutdownAsyncManager,31] - ====关闭后台任务任务线程池====
15:17:54.541 [Thread-430] INFO  sys-user - [shutdownAsyncManager,31] - ====关闭后台任务任务线程池====
15:18:50.571 [Thread-540] INFO  sys-user - [shutdownAsyncManager,31] - ====关闭后台任务任务线程池====
15:19:04.430 [restartedMain] INFO  sys-user - [shutdownAsyncManager,31] - ====关闭后台任务任务线程池====
15:26:28.980 [SpringApplicationShutdownHook] INFO  sys-user - [shutdownAsyncManager,31] - ====关闭后台任务任务线程池====
15:37:34.433 [restartedMain] INFO  sys-user - [shutdownAsyncManager,31] - ====关闭后台任务任务线程池====
15:41:42.630 [restartedMain] INFO  sys-user - [shutdownAsyncManager,31] - ====关闭后台任务任务线程池====
15:51:42.570 [Thread-1] INFO  sys-user - [shutdownAsyncManager,31] - ====关闭后台任务任务线程池====
15:51:52.325 [Thread-109] INFO  sys-user - [shutdownAsyncManager,31] - ====关闭后台任务任务线程池====
15:52:18.765 [SpringApplicationShutdownHook] INFO  sys-user - [shutdownAsyncManager,31] - ====关闭后台任务任务线程池====
16:01:49.577 [Thread-1] INFO  sys-user - [shutdownAsyncManager,31] - ====关闭后台任务任务线程池====
16:02:01.431 [Thread-109] INFO  sys-user - [shutdownAsyncManager,31] - ====关闭后台任务任务线程池====
16:02:13.000 [Thread-216] INFO  sys-user - [shutdownAsyncManager,31] - ====关闭后台任务任务线程池====
16:02:33.434 [SpringApplicationShutdownHook] INFO  sys-user - [shutdownAsyncManager,31] - ====关闭后台任务任务线程池====
16:05:13.442 [Thread-1] INFO  sys-user - [shutdownAsyncManager,31] - ====关闭后台任务任务线程池====
16:05:31.456 [Thread-109] INFO  sys-user - [shutdownAsyncManager,31] - ====关闭后台任务任务线程池====
16:05:45.166 [Thread-216] INFO  sys-user - [shutdownAsyncManager,31] - ====关闭后台任务任务线程池====
16:07:09.982 [Thread-323] INFO  sys-user - [shutdownAsyncManager,31] - ====关闭后台任务任务线程池====
16:07:21.315 [Thread-430] INFO  sys-user - [shutdownAsyncManager,31] - ====关闭后台任务任务线程池====
16:09:13.021 [SpringApplicationShutdownHook] INFO  sys-user - [shutdownAsyncManager,31] - ====关闭后台任务任务线程池====
16:14:28.284 [SpringApplicationShutdownHook] INFO  sys-user - [shutdownAsyncManager,31] - ====关闭后台任务任务线程池====
16:26:19.313 [Thread-1] INFO  sys-user - [shutdownAsyncManager,31] - ====关闭后台任务任务线程池====
16:26:41.502 [Thread-109] INFO  sys-user - [shutdownAsyncManager,31] - ====关闭后台任务任务线程池====
16:26:52.146 [Thread-216] INFO  sys-user - [shutdownAsyncManager,31] - ====关闭后台任务任务线程池====
16:27:14.699 [Thread-323] INFO  sys-user - [shutdownAsyncManager,31] - ====关闭后台任务任务线程池====
16:27:32.928 [Thread-430] INFO  sys-user - [shutdownAsyncManager,31] - ====关闭后台任务任务线程池====
16:27:43.895 [Thread-537] INFO  sys-user - [shutdownAsyncManager,31] - ====关闭后台任务任务线程池====
16:28:19.477 [Thread-644] INFO  sys-user - [shutdownAsyncManager,31] - ====关闭后台任务任务线程池====
16:29:09.220 [Thread-751] INFO  sys-user - [shutdownAsyncManager,31] - ====关闭后台任务任务线程池====
16:29:24.131 [Thread-858] INFO  sys-user - [shutdownAsyncManager,31] - ====关闭后台任务任务线程池====
16:33:33.736 [Thread-965] INFO  sys-user - [shutdownAsyncManager,31] - ====关闭后台任务任务线程池====
16:33:48.310 [Thread-1072] INFO  sys-user - [shutdownAsyncManager,31] - ====关闭后台任务任务线程池====
16:35:49.098 [Thread-1179] INFO  sys-user - [shutdownAsyncManager,31] - ====关闭后台任务任务线程池====
16:37:02.654 [Thread-1286] INFO  sys-user - [shutdownAsyncManager,31] - ====关闭后台任务任务线程池====
16:41:59.465 [Thread-1393] INFO  sys-user - [shutdownAsyncManager,31] - ====关闭后台任务任务线程池====
16:42:16.859 [Thread-2020] INFO  sys-user - [shutdownAsyncManager,31] - ====关闭后台任务任务线程池====
16:42:56.032 [Thread-2127] INFO  sys-user - [shutdownAsyncManager,31] - ====关闭后台任务任务线程池====
16:43:13.379 [Thread-2234] INFO  sys-user - [shutdownAsyncManager,31] - ====关闭后台任务任务线程池====
16:44:21.166 [SpringApplicationShutdownHook] INFO  sys-user - [shutdownAsyncManager,31] - ====关闭后台任务任务线程池====
16:45:23.717 [Thread-1] INFO  sys-user - [shutdownAsyncManager,31] - ====关闭后台任务任务线程池====
16:45:54.043 [Thread-109] INFO  sys-user - [shutdownAsyncManager,31] - ====关闭后台任务任务线程池====
16:53:09.995 [Thread-216] INFO  sys-user - [shutdownAsyncManager,31] - ====关闭后台任务任务线程池====
16:54:58.118 [Thread-325] INFO  sys-user - [shutdownAsyncManager,31] - ====关闭后台任务任务线程池====
16:57:23.662 [Thread-432] INFO  sys-user - [shutdownAsyncManager,31] - ====关闭后台任务任务线程池====
17:05:40.365 [SpringApplicationShutdownHook] INFO  sys-user - [shutdownAsyncManager,31] - ====关闭后台任务任务线程池====
17:11:55.038 [Thread-1] INFO  sys-user - [shutdownAsyncManager,31] - ====关闭后台任务任务线程池====
17:12:13.934 [Thread-109] INFO  sys-user - [shutdownAsyncManager,31] - ====关闭后台任务任务线程池====
17:12:32.807 [Thread-216] INFO  sys-user - [shutdownAsyncManager,31] - ====关闭后台任务任务线程池====
17:17:07.655 [Thread-323] INFO  sys-user - [shutdownAsyncManager,31] - ====关闭后台任务任务线程池====
17:17:16.982 [Thread-430] INFO  sys-user - [shutdownAsyncManager,31] - ====关闭后台任务任务线程池====
17:32:29.853 [Thread-537] INFO  sys-user - [shutdownAsyncManager,31] - ====关闭后台任务任务线程池====
17:32:47.178 [Thread-644] INFO  sys-user - [shutdownAsyncManager,31] - ====关闭后台任务任务线程池====
17:33:36.678 [SpringApplicationShutdownHook] INFO  sys-user - [shutdownAsyncManager,31] - ====关闭后台任务任务线程池====
17:58:42.819 [SpringApplicationShutdownHook] INFO  sys-user - [shutdownAsyncManager,31] - ====关闭后台任务任务线程池====
18:18:02.912 [restartedMain] INFO  sys-user - [shutdownAsyncManager,31] - ====关闭后台任务任务线程池====
